<?xml version="1.0" encoding="UTF-8" standalone="yes"?><!DOCTYPE report PUBLIC "-//JACOCO//DTD Report 1.1//EN" "report.dtd"><report name="stringpalindrome"><sessioninfo id="Spinscis-MBP.lan1-9eac5789" start="1585084155638" dump="1585084155999"/><sessioninfo id="Spinscis-MBP.lan1-c3e143aa" start="1585084238901" dump="1585084239271"/><sessioninfo id="Spinscis-MBP.lan1-37357c87" start="1585084495235" dump="1585084495579"/><sessioninfo id="Spinscis-MBP.lan1-d8f2a353" start="1585084689268" dump="1585084689753"/><sessioninfo id="Spinscis-MBP.lan1-2db7916f" start="1585084962555" dump="1585084963004"/><sessioninfo id="Spinscis-MBP.lan1-f6b605c6" start="1585085343648" dump="1585085343982"/><sessioninfo id="Spinscis-MBP.lan1-faf26d7b" start="1585101623796" dump="1585101624315"/><sessioninfo id="Spinscis-MBP.lan1-139ebcef" start="1585101738437" dump="1585101738812"/><sessioninfo id="Spinscis-MBP.lan1-75403d59" start="1585102116754" dump="1585102117210"/><sessioninfo id="Spinscis-MBP.lan1-8a763af" start="1585102932249" dump="1585102932902"/><sessioninfo id="Spinscis-MBP.lan1-6128d847" start="1585103408221" dump="1585103408765"/><sessioninfo id="Spinscis-MBP.lan1-23641f2a" start="1585104041025" dump="1585104041554"/><sessioninfo id="Spinscis-MBP.lan1-d4cdd9c7" start="1585142916138" dump="1585142916626"/><sessioninfo id="Spinscis-MBP.lan1-fa3aef30" start="1585274155108" dump="1585274155519"/><sessioninfo id="Spinscis-MBP.lan1-e97c9e36" start="1585314725520" dump="1585314725983"/><sessioninfo id="Spinscis-MBP.lan1-2c87f984" start="1585317820767" dump="1585317821606"/><sessioninfo id="Spinscis-MBP.lan1-1e8e114a" start="1585322836118" dump="1585322836604"/><sessioninfo id="Spinscis-MBP.lan1-22a5e9f3" start="1585344039421" dump="1585344040070"/><sessioninfo id="Spinscis-MBP.lan1-f79c5a83" start="1585344936473" dump="1585344936984"/><sessioninfo id="Spinscis-MBP.lan1-6cdae5cc" start="1585344958937" dump="1585344959392"/><sessioninfo id="Spinscis-MBP.lan1-9b4731a6" start="1585346321471" dump="1585346321920"/><sessioninfo id="Spinscis-MBP.lan1-22a48194" start="1585365442915" dump="1585365443680"/><package name="com/javalearning/stringpalindrome"><class name="com/javalearning/stringpalindrome/App" sourcefilename="App.java"><method name="&lt;init&gt;" desc="()V" line="7"><counter type="INSTRUCTION" missed="0" covered="3"/><counter type="LINE" missed="0" covered="1"/><counter type="COMPLEXITY" missed="0" covered="1"/><counter type="METHOD" missed="0" covered="1"/></method><method name="testReverse" desc="(Ljava/lang/String;)Z" line="11"><counter type="INSTRUCTION" missed="0" covered="17"/><counter type="BRANCH" missed="0" covered="4"/><counter type="LINE" missed="0" covered="5"/><counter type="COMPLEXITY" missed="0" covered="3"/><counter type="METHOD" missed="0" covered="1"/></method><method name="reverse" desc="(Ljava/lang/String;)Ljava/lang/String;" line="22"><counter type="INSTRUCTION" missed="0" covered="24"/><counter type="BRANCH" missed="0" covered="2"/><counter type="LINE" missed="0" covered="4"/><counter type="COMPLEXITY" missed="0" covered="2"/><counter type="METHOD" missed="0" covered="1"/></method><counter type="INSTRUCTION" missed="0" covered="44"/><counter type="BRANCH" missed="0" covered="6"/><counter type="LINE" missed="0" covered="10"/><counter type="COMPLEXITY" missed="0" covered="6"/><counter type="METHOD" missed="0" covered="3"/><counter type="CLASS" missed="0" covered="1"/></class><sourcefile name="App.java"><line nr="7" mi="0" ci="3" mb="0" cb="0"/><line nr="11" mi="0" ci="2" mb="0" cb="2"/><line nr="12" mi="0" ci="5" mb="0" cb="0"/><line nr="14" mi="0" ci="6" mb="0" cb="2"/><line nr="15" mi="0" ci="2" mb="0" cb="0"/><line nr="17" mi="0" ci="2" mb="0" cb="0"/><line nr="22" mi="0" ci="2" mb="0" cb="0"/><line nr="23" mi="0" ci="9" mb="0" cb="2"/><line nr="24" mi="0" ci="11" mb="0" cb="0"/><line nr="26" mi="0" ci="2" mb="0" cb="0"/><counter type="INSTRUCTION" missed="0" covered="44"/><counter type="BRANCH" missed="0" covered="6"/><counter type="LINE" missed="0" covered="10"/><counter type="COMPLEXITY" missed="0" covered="6"/><counter type="METHOD" missed="0" covered="3"/><counter type="CLASS" missed="0" covered="1"/></sourcefile><counter type="INSTRUCTION" missed="0" covered="44"/><counter type="BRANCH" missed="0" covered="6"/><counter type="LINE" missed="0" covered="10"/><counter type="COMPLEXITY" missed="0" covered="6"/><counter type="METHOD" missed="0" covered="3"/><counter type="CLASS" missed="0" covered="1"/></package><counter type="INSTRUCTION" missed="0" covered="44"/><counter type="BRANCH" missed="0" covered="6"/><counter type="LINE" missed="0" covered="10"/><counter type="COMPLEXITY" missed="0" covered="6"/><counter type="METHOD" missed="0" covered="3"/><counter type="CLASS" missed="0" covered="1"/></report>